<?xml version="1.0" encoding="UTF-8"?>
<!-- Generated by org.testng.reporters.JUnitXMLReporter -->
<testsuite ignored="0" hostname="pruthviraj" failures="0" tests="63" name="Test" time="103.507" errors="0" timestamp="2022-02-19T22:52:15 IST">
  <testcase classname="test_suite.Landing_Page_Test" name="title_validation" time="0.023"/>
  <testcase classname="test_suite.Landing_Page_Test" name="logo_validation" time="2.365"/>
  <testcase classname="test_suite.Terms_condition_Test" name="title_validation" time="0.015"/>
  <testcase classname="test_suite.Terms_condition_Test" name="logo_validation" time="0.075"/>
  <testcase classname="test_suite.Terms_condition_Test" name="t_c_validation" time="2.431"/>
  <testcase classname="test_suite.Terms_condition_Test" name="term_checkbox" time="0.029"/>
  <testcase classname="test_suite.Invitation_Code_Test" name="title_validation" time="0.019"/>
  <testcase classname="test_suite.Invitation_Code_Test" name="logo_validation" time="0.07"/>
  <testcase classname="test_suite.Invitation_Code_Test" name="t_c_validation" time="0.129"/>
  <testcase classname="test_suite.Invitation_Code_Test" name="term_checkbox" time="0.057"/>
  <testcase classname="test_suite.Invitation_Code_Test" name="review_confirm" time="0.044"/>
  <testcase classname="test_suite.Invitation_Code_Test" name="invitation_code" time="2.469"/>
  <testcase classname="test_suite.Invitation_Code_Test" name="subit_in_code" time="0.069"/>
  <testcase classname="test_suite.Org_details_Test" name="title_validation" time="0.015"/>
  <testcase classname="test_suite.Org_details_Test" name="logo_validation" time="0.058"/>
  <testcase classname="test_suite.Org_details_Test" name="t_c_validation" time="0.17"/>
  <testcase classname="test_suite.Org_details_Test" name="term_checkbox" time="0.052"/>
  <testcase classname="test_suite.Org_details_Test" name="review_confirm" time="0.062"/>
  <testcase classname="test_suite.Org_details_Test" name="invitation_code" time="0.247"/>
  <testcase classname="test_suite.Org_details_Test" name="subit_in_code" time="0.079"/>
  <testcase classname="test_suite.Org_details_Test" name="org_details" time="3.631"/>
  <testcase classname="test_suite.Personal_pan_Test" name="title_validation" time="0.019"/>
  <testcase classname="test_suite.Personal_pan_Test" name="logo_validation" time="0.052"/>
  <testcase classname="test_suite.Personal_pan_Test" name="t_c_validation" time="0.13"/>
  <testcase classname="test_suite.Personal_pan_Test" name="term_checkbox" time="0.042"/>
  <testcase classname="test_suite.Personal_pan_Test" name="review_confirm" time="0.04"/>
  <testcase classname="test_suite.Personal_pan_Test" name="invitation_code" time="0.374"/>
  <testcase classname="test_suite.Personal_pan_Test" name="subit_in_code" time="0.131"/>
  <testcase classname="test_suite.Personal_pan_Test" name="org_details" time="1.558"/>
  <testcase classname="test_suite.Personal_pan_Test" name="per_pan_validation" time="2.664"/>
  <testcase classname="test_suite.Mobile_num_Test" name="title_validation" time="0.011"/>
  <testcase classname="test_suite.Mobile_num_Test" name="logo_validation" time="0.097"/>
  <testcase classname="test_suite.Mobile_num_Test" name="t_c_validation" time="0.178"/>
  <testcase classname="test_suite.Mobile_num_Test" name="term_checkbox" time="0.049"/>
  <testcase classname="test_suite.Mobile_num_Test" name="review_confirm" time="0.086"/>
  <testcase classname="test_suite.Mobile_num_Test" name="invitation_code" time="0.279"/>
  <testcase classname="test_suite.Mobile_num_Test" name="subit_in_code" time="0.12"/>
  <testcase classname="test_suite.Mobile_num_Test" name="org_details" time="1.134"/>
  <testcase classname="test_suite.Mobile_num_Test" name="per_pan_validation" time="2.635"/>
  <testcase classname="test_suite.Mobile_num_Test" name="mobile_verfy" time="3.86"/>
  <testcase classname="test_suite.Email_id_Test" name="title_validation" time="0.012"/>
  <testcase classname="test_suite.Email_id_Test" name="logo_validation" time="0.109"/>
  <testcase classname="test_suite.Email_id_Test" name="t_c_validation" time="0.113"/>
  <testcase classname="test_suite.Email_id_Test" name="term_checkbox" time="0.037"/>
  <testcase classname="test_suite.Email_id_Test" name="review_confirm" time="0.052"/>
  <testcase classname="test_suite.Email_id_Test" name="invitation_code" time="0.385"/>
  <testcase classname="test_suite.Email_id_Test" name="subit_in_code" time="0.128"/>
  <testcase classname="test_suite.Email_id_Test" name="org_details" time="2.205"/>
  <testcase classname="test_suite.Email_id_Test" name="per_pan_validation" time="2.639"/>
  <testcase classname="test_suite.Email_id_Test" name="mobile_verfy" time="3.812"/>
  <testcase classname="test_suite.Email_id_Test" name="email_vrf" time="9.505"/>
  <testcase classname="test_suite.User_credentail_Test" name="title_validation" time="0.009"/>
  <testcase classname="test_suite.User_credentail_Test" name="logo_validation" time="0.101"/>
  <testcase classname="test_suite.User_credentail_Test" name="t_c_validation" time="0.113"/>
  <testcase classname="test_suite.User_credentail_Test" name="term_checkbox" time="0.04"/>
  <testcase classname="test_suite.User_credentail_Test" name="review_confirm" time="0.059"/>
  <testcase classname="test_suite.User_credentail_Test" name="invitation_code" time="0.269"/>
  <testcase classname="test_suite.User_credentail_Test" name="subit_in_code" time="0.123"/>
  <testcase classname="test_suite.User_credentail_Test" name="org_details" time="1.544"/>
  <testcase classname="test_suite.User_credentail_Test" name="per_pan_validation" time="2.564"/>
  <testcase classname="test_suite.User_credentail_Test" name="mobile_verfy" time="3.801"/>
  <testcase classname="test_suite.User_credentail_Test" name="email_vrf" time="9.523"/>
  <testcase classname="test_suite.User_credentail_Test" name="seller_cred" time="5.068"/>
</testsuite> <!-- Test -->
