<?xml version="1.0" encoding="UTF-8"?>
<!-- Generated by org.testng.reporters.JUnitXMLReporter -->
<testsuite ignored="0" hostname="pruthviraj" failures="0" tests="12" name="Default test" time="23.168" errors="0" timestamp="2022-02-22T11:26:58 IST">
  <testcase classname="test_suite.User_credentail_Test" name="title_validation" time="0.019"/>
  <testcase classname="test_suite.User_credentail_Test" name="logo_validation" time="0.073"/>
  <testcase classname="test_suite.User_credentail_Test" name="t_c_validation" time="0.11"/>
  <testcase classname="test_suite.User_credentail_Test" name="term_checkbox" time="0.081"/>
  <testcase classname="test_suite.User_credentail_Test" name="review_confirm" time="0.094"/>
  <testcase classname="test_suite.User_credentail_Test" name="invitation_code" time="0.259"/>
  <testcase classname="test_suite.User_credentail_Test" name="subit_in_code" time="0.131"/>
  <testcase classname="test_suite.User_credentail_Test" name="org_details" time="1.004"/>
  <testcase classname="test_suite.User_credentail_Test" name="per_pan_validation" time="2.614"/>
  <testcase classname="test_suite.User_credentail_Test" name="mobile_verfy" time="3.877"/>
  <testcase classname="test_suite.User_credentail_Test" name="email_vrf" time="9.395"/>
  <testcase classname="test_suite.User_credentail_Test" name="seller_cred" time="3.306"/>
</testsuite> <!-- Default test -->
