<?xml version="1.0" encoding="UTF-8"?>
<!-- Generated by org.testng.reporters.JUnitXMLReporter -->
<testsuite ignored="0" hostname="pruthviraj" failures="0" tests="8" name="Test" time="94.581" errors="0" timestamp="2022-04-19T18:39:24 IST">
  <testcase classname="test_suite.Landing_RFC_Test" name="log_in_seller" time="5.691"/>
  <testcase classname="test_suite.State_Selection_Test" name="state_select" time="2.596"/>
  <testcase classname="test_suite.RFC_Selection_Test" name="RFC_select" time="6.691"/>
  <testcase classname="test_suite.Business_details_Test" name="business_info" time="22.97"/>
  <testcase classname="test_suite.APOB_Test" name="APOB_validate" time="5.477"/>
  <testcase classname="test_suite.Doc_upload_Test" name="doc_upload" time="20.767"/>
  <testcase classname="test_suite.Admin_Login_Test" name="admin_login" time="11.977"/>
  <testcase classname="test_suite.RFC_approval_Test" name="RFC_approval" time="14.802"/>
</testsuite> <!-- Test -->
