<?xml version="1.0" encoding="UTF-8"?>
<testng-results ignored="0" total="13" passed="13" failed="0" skipped="0">
  <reporter-output>
  </reporter-output>
  <suite started-at="2022-02-24T11:11:08 IST" name="Seller registration" finished-at="2022-02-24T11:11:36 IST" duration-ms="27714">
    <groups>
    </groups>
    <test started-at="2022-02-24T11:11:08 IST" name="Test" finished-at="2022-02-24T11:11:36 IST" duration-ms="27714">
      <class name="test_suite.Business_pan_Test">
        <test-method is-config="true" signature="setup()[pri:0, instance:test_suite.Business_pan_Test@2d8f2f3a]" started-at="2022-02-24T11:11:08 IST" name="setup" finished-at="2022-02-24T11:11:10 IST" duration-ms="2059" status="PASS">
          <reporter-output>
          </reporter-output>
        </test-method> <!-- setup -->
        <test-method signature="title_validation()[pri:1, instance:test_suite.Business_pan_Test@2d8f2f3a]" started-at="2022-02-24T11:11:10 IST" name="title_validation" finished-at="2022-02-24T11:11:10 IST" duration-ms="23" status="PASS">
          <reporter-output>
          </reporter-output>
        </test-method> <!-- title_validation -->
        <test-method signature="logo_validation()[pri:2, instance:test_suite.Business_pan_Test@2d8f2f3a]" started-at="2022-02-24T11:11:10 IST" name="logo_validation" finished-at="2022-02-24T11:11:11 IST" duration-ms="99" status="PASS">
          <reporter-output>
          </reporter-output>
        </test-method> <!-- logo_validation -->
        <test-method signature="t_c_validation()[pri:3, instance:test_suite.Business_pan_Test@2d8f2f3a]" started-at="2022-02-24T11:11:11 IST" name="t_c_validation" finished-at="2022-02-24T11:11:11 IST" duration-ms="129" status="PASS">
          <reporter-output>
          </reporter-output>
        </test-method> <!-- t_c_validation -->
        <test-method signature="term_checkbox()[pri:4, instance:test_suite.Business_pan_Test@2d8f2f3a]" started-at="2022-02-24T11:11:11 IST" name="term_checkbox" finished-at="2022-02-24T11:11:11 IST" duration-ms="87" status="PASS">
          <reporter-output>
          </reporter-output>
        </test-method> <!-- term_checkbox -->
        <test-method signature="review_confirm()[pri:5, instance:test_suite.Business_pan_Test@2d8f2f3a]" started-at="2022-02-24T11:11:11 IST" name="review_confirm" finished-at="2022-02-24T11:11:11 IST" duration-ms="139" status="PASS">
          <reporter-output>
          </reporter-output>
        </test-method> <!-- review_confirm -->
        <test-method signature="invitation_code()[pri:6, instance:test_suite.Business_pan_Test@2d8f2f3a]" started-at="2022-02-24T11:11:11 IST" name="invitation_code" finished-at="2022-02-24T11:11:11 IST" duration-ms="186" status="PASS">
          <reporter-output>
          </reporter-output>
        </test-method> <!-- invitation_code -->
        <test-method signature="subit_in_code()[pri:7, instance:test_suite.Business_pan_Test@2d8f2f3a]" started-at="2022-02-24T11:11:11 IST" name="subit_in_code" finished-at="2022-02-24T11:11:11 IST" duration-ms="85" status="PASS">
          <reporter-output>
          </reporter-output>
        </test-method> <!-- subit_in_code -->
        <test-method signature="org_details()[pri:8, instance:test_suite.Business_pan_Test@2d8f2f3a]" started-at="2022-02-24T11:11:11 IST" name="org_details" finished-at="2022-02-24T11:11:12 IST" duration-ms="1061" status="PASS">
          <reporter-output>
          </reporter-output>
        </test-method> <!-- org_details -->
        <test-method signature="per_pan_validation()[pri:9, instance:test_suite.Business_pan_Test@2d8f2f3a]" started-at="2022-02-24T11:11:12 IST" name="per_pan_validation" finished-at="2022-02-24T11:11:15 IST" duration-ms="2629" status="PASS">
          <reporter-output>
          </reporter-output>
        </test-method> <!-- per_pan_validation -->
        <test-method signature="mobile_verfy()[pri:10, instance:test_suite.Business_pan_Test@2d8f2f3a]" started-at="2022-02-24T11:11:15 IST" name="mobile_verfy" finished-at="2022-02-24T11:11:19 IST" duration-ms="3836" status="PASS">
          <reporter-output>
          </reporter-output>
        </test-method> <!-- mobile_verfy -->
        <test-method signature="email_vrf()[pri:11, instance:test_suite.Business_pan_Test@2d8f2f3a]" started-at="2022-02-24T11:11:19 IST" name="email_vrf" finished-at="2022-02-24T11:11:28 IST" duration-ms="9436" status="PASS">
          <reporter-output>
          </reporter-output>
        </test-method> <!-- email_vrf -->
        <test-method signature="seller_cred()[pri:12, instance:test_suite.Business_pan_Test@2d8f2f3a]" started-at="2022-02-24T11:11:28 IST" name="seller_cred" finished-at="2022-02-24T11:11:29 IST" duration-ms="1164" status="PASS">
          <reporter-output>
          </reporter-output>
        </test-method> <!-- seller_cred -->
        <test-method signature="bus_pan_validation()[pri:13, instance:test_suite.Business_pan_Test@2d8f2f3a]" started-at="2022-02-24T11:11:29 IST" name="bus_pan_validation" finished-at="2022-02-24T11:11:36 IST" duration-ms="6621" status="PASS">
          <reporter-output>
          </reporter-output>
        </test-method> <!-- bus_pan_validation -->
        <test-method is-config="true" signature="teardown()[pri:0, instance:test_suite.Business_pan_Test@2d8f2f3a]" started-at="2022-02-24T11:11:36 IST" name="teardown" finished-at="2022-02-24T11:11:36 IST" duration-ms="78" status="PASS">
          <reporter-output>
          </reporter-output>
        </test-method> <!-- teardown -->
      </class> <!-- test_suite.Business_pan_Test -->
    </test> <!-- Test -->
  </suite> <!-- Seller registration -->
</testng-results>
