<?xml version="1.0" encoding="UTF-8"?>
<testng-results ignored="0" total="8" passed="8" failed="0" skipped="0">
  <reporter-output>
  </reporter-output>
  <suite started-at="2022-04-19T18:37:50 IST" name="Suite" finished-at="2022-04-19T18:39:24 IST" duration-ms="94581">
    <groups>
    </groups>
    <test started-at="2022-04-19T18:37:50 IST" name="Test" finished-at="2022-04-19T18:39:24 IST" duration-ms="94581">
      <class name="test_suite.RFC_approval_Test">
        <test-method signature="RFC_approval()[pri:0, instance:test_suite.RFC_approval_Test@88d6f9b]" started-at="2022-04-19T18:39:09 IST" name="RFC_approval" finished-at="2022-04-19T18:39:24 IST" duration-ms="14802" status="PASS">
          <reporter-output>
          </reporter-output>
        </test-method> <!-- RFC_approval -->
        <test-method is-config="true" signature="closebrowser()[pri:0, instance:test_suite.RFC_approval_Test@88d6f9b]" started-at="2022-04-19T18:39:24 IST" name="closebrowser" finished-at="2022-04-19T18:39:24 IST" duration-ms="69" status="PASS">
          <reporter-output>
          </reporter-output>
        </test-method> <!-- closebrowser -->
      </class> <!-- test_suite.RFC_approval_Test -->
      <class name="test_suite.State_Selection_Test">
        <test-method signature="state_select()[pri:0, instance:test_suite.State_Selection_Test@29d2d081]" started-at="2022-04-19T18:37:59 IST" name="state_select" finished-at="2022-04-19T18:38:01 IST" duration-ms="2596" status="PASS">
          <reporter-output>
          </reporter-output>
        </test-method> <!-- state_select -->
      </class> <!-- test_suite.State_Selection_Test -->
      <class name="test_suite.Landing_RFC_Test">
        <test-method is-config="true" signature="setup()[pri:0, instance:test_suite.Landing_RFC_Test@4d157787]" started-at="2022-04-19T18:37:50 IST" name="setup" finished-at="2022-04-19T18:37:53 IST" duration-ms="3401" status="PASS">
          <reporter-output>
          </reporter-output>
        </test-method> <!-- setup -->
        <test-method signature="log_in_seller()[pri:0, instance:test_suite.Landing_RFC_Test@4d157787]" started-at="2022-04-19T18:37:53 IST" name="log_in_seller" finished-at="2022-04-19T18:37:59 IST" duration-ms="5691" status="PASS">
          <reporter-output>
          </reporter-output>
        </test-method> <!-- log_in_seller -->
      </class> <!-- test_suite.Landing_RFC_Test -->
      <class name="test_suite.APOB_Test">
        <test-method signature="APOB_validate()[pri:0, instance:test_suite.APOB_Test@3a7b503d]" started-at="2022-04-19T18:38:31 IST" name="APOB_validate" finished-at="2022-04-19T18:38:36 IST" duration-ms="5477" status="PASS">
          <reporter-output>
          </reporter-output>
        </test-method> <!-- APOB_validate -->
      </class> <!-- test_suite.APOB_Test -->
      <class name="test_suite.Doc_upload_Test">
        <test-method signature="doc_upload()[pri:0, instance:test_suite.Doc_upload_Test@512d92b]" started-at="2022-04-19T18:38:36 IST" name="doc_upload" finished-at="2022-04-19T18:38:57 IST" duration-ms="20767" status="PASS">
          <reporter-output>
          </reporter-output>
        </test-method> <!-- doc_upload -->
        <test-method is-config="true" signature="teardown()[pri:0, instance:test_suite.Doc_upload_Test@512d92b]" started-at="2022-04-19T18:38:57 IST" name="teardown" finished-at="2022-04-19T18:38:57 IST" duration-ms="74" status="PASS">
          <reporter-output>
          </reporter-output>
        </test-method> <!-- teardown -->
      </class> <!-- test_suite.Doc_upload_Test -->
      <class name="test_suite.Business_details_Test">
        <test-method signature="business_info()[pri:0, instance:test_suite.Business_details_Test@58783f6c]" started-at="2022-04-19T18:38:08 IST" name="business_info" finished-at="2022-04-19T18:38:31 IST" duration-ms="22970" status="PASS">
          <reporter-output>
          </reporter-output>
        </test-method> <!-- business_info -->
      </class> <!-- test_suite.Business_details_Test -->
      <class name="test_suite.RFC_Selection_Test">
        <test-method signature="RFC_select()[pri:0, instance:test_suite.RFC_Selection_Test@40e4ea87]" started-at="2022-04-19T18:38:01 IST" name="RFC_select" finished-at="2022-04-19T18:38:08 IST" duration-ms="6691" status="PASS">
          <reporter-output>
          </reporter-output>
        </test-method> <!-- RFC_select -->
      </class> <!-- test_suite.RFC_Selection_Test -->
      <class name="test_suite.Admin_Login_Test">
        <test-method signature="admin_login()[pri:0, instance:test_suite.Admin_Login_Test@62c5bbdc]" started-at="2022-04-19T18:38:57 IST" name="admin_login" finished-at="2022-04-19T18:39:09 IST" duration-ms="11977" status="PASS">
          <reporter-output>
          </reporter-output>
        </test-method> <!-- admin_login -->
      </class> <!-- test_suite.Admin_Login_Test -->
    </test> <!-- Test -->
  </suite> <!-- Suite -->
</testng-results>
