<?xml version="1.0" encoding="UTF-8"?>
<!-- Generated by org.testng.reporters.JUnitXMLReporter -->
<testsuite ignored="0" hostname="pruthviraj" failures="2" tests="86" name="Test" time="308.227" errors="0" timestamp="2022-04-20T11:32:00 IST">
  <testcase classname="test_suite.Landing_Page_Test" name="title_validation" time="0.019"/>
  <testcase classname="test_suite.Landing_Page_Test" name="logo_validation" time="2.304"/>
  <testcase classname="test_suite.Terms_Condition_Test" name="title_validation" time="0.019"/>
  <testcase classname="test_suite.Terms_Condition_Test" name="logo_validation" time="0.046"/>
  <testcase classname="test_suite.Terms_Condition_Test" name="t_c_validation" time="2.334"/>
  <testcase classname="test_suite.Terms_Condition_Test" name="term_checkbox" time="0.024"/>
  <testcase classname="test_suite.Invitation_Code_Test" name="title_validation" time="0.008"/>
  <testcase classname="test_suite.Invitation_Code_Test" name="logo_validation" time="0.044"/>
  <testcase classname="test_suite.Invitation_Code_Test" name="t_c_validation" time="0.134"/>
  <testcase classname="test_suite.Invitation_Code_Test" name="term_checkbox" time="0.105"/>
  <testcase classname="test_suite.Invitation_Code_Test" name="review_confirm" time="0.098"/>
  <testcase classname="test_suite.Invitation_Code_Test" name="invitation_code" time="2.386"/>
  <testcase classname="test_suite.Invitation_Code_Test" name="subit_in_code" time="0.06"/>
  <testcase classname="test_suite.Org_Details_Test" name="title_validation" time="0.014"/>
  <testcase classname="test_suite.Org_Details_Test" name="logo_validation" time="0.037"/>
  <testcase classname="test_suite.Org_Details_Test" name="t_c_validation" time="0.083"/>
  <testcase classname="test_suite.Org_Details_Test" name="term_checkbox" time="0.085"/>
  <testcase classname="test_suite.Org_Details_Test" name="review_confirm" time="0.083"/>
  <testcase classname="test_suite.Org_Details_Test" name="invitation_code" time="0.304"/>
  <testcase classname="test_suite.Org_Details_Test" name="subit_in_code" time="0.13"/>
  <testcase classname="test_suite.Org_Details_Test" name="org_details" time="3.305"/>
  <testcase classname="test_suite.Personal_Pan_Test" name="title_validation" time="0.012"/>
  <testcase classname="test_suite.Personal_Pan_Test" name="logo_validation" time="0.097"/>
  <testcase classname="test_suite.Personal_Pan_Test" name="t_c_validation" time="0.111"/>
  <testcase classname="test_suite.Personal_Pan_Test" name="term_checkbox" time="0.083"/>
  <testcase classname="test_suite.Personal_Pan_Test" name="review_confirm" time="0.094"/>
  <testcase classname="test_suite.Personal_Pan_Test" name="invitation_code" time="0.329"/>
  <testcase classname="test_suite.Personal_Pan_Test" name="subit_in_code" time="0.137"/>
  <testcase classname="test_suite.Personal_Pan_Test" name="org_details" time="1.112"/>
  <testcase classname="test_suite.Personal_Pan_Test" name="per_pan_validation" time="2.593"/>
  <testcase classname="test_suite.Mobile_Num_Test" name="title_validation" time="0.026"/>
  <testcase classname="test_suite.Mobile_Num_Test" name="logo_validation" time="0.03"/>
  <testcase classname="test_suite.Mobile_Num_Test" name="t_c_validation" time="0.093"/>
  <testcase classname="test_suite.Mobile_Num_Test" name="term_checkbox" time="0.057"/>
  <testcase classname="test_suite.Mobile_Num_Test" name="review_confirm" time="0.091"/>
  <testcase classname="test_suite.Mobile_Num_Test" name="invitation_code" time="0.263"/>
  <testcase classname="test_suite.Mobile_Num_Test" name="subit_in_code" time="0.124"/>
  <testcase classname="test_suite.Mobile_Num_Test" name="org_details" time="1.005"/>
  <testcase classname="test_suite.Mobile_Num_Test" name="per_pan_validation" time="2.475"/>
  <testcase classname="test_suite.Mobile_Num_Test" name="mobile_verfy" time="3.86"/>
  <testcase classname="test_suite.Email_Id_Test" name="title_validation" time="0.019"/>
  <testcase classname="test_suite.Email_Id_Test" name="logo_validation" time="0.046"/>
  <testcase classname="test_suite.Email_Id_Test" name="t_c_validation" time="0.113"/>
  <testcase classname="test_suite.Email_Id_Test" name="term_checkbox" time="0.06"/>
  <testcase classname="test_suite.Email_Id_Test" name="review_confirm" time="0.102"/>
  <testcase classname="test_suite.Email_Id_Test" name="invitation_code" time="0.292"/>
  <testcase classname="test_suite.Email_Id_Test" name="subit_in_code" time="0.126"/>
  <testcase classname="test_suite.Email_Id_Test" name="org_details" time="0.981"/>
  <testcase classname="test_suite.Email_Id_Test" name="per_pan_validation" time="2.518"/>
  <testcase classname="test_suite.Email_Id_Test" name="mobile_verfy" time="3.792"/>
  <testcase classname="test_suite.Email_Id_Test" name="email_vrf" time="6.393"/>
  <testcase classname="test_suite.User_Credentials_Test" name="title_validation" time="0.014"/>
  <testcase classname="test_suite.User_Credentials_Test" name="logo_validation" time="0.102"/>
  <testcase classname="test_suite.User_Credentials_Test" name="t_c_validation" time="0.139"/>
  <testcase classname="test_suite.User_Credentials_Test" name="term_checkbox" time="0.074"/>
  <testcase classname="test_suite.User_Credentials_Test" name="review_confirm" time="0.1"/>
  <testcase classname="test_suite.User_Credentials_Test" name="invitation_code" time="0.284"/>
  <testcase classname="test_suite.User_Credentials_Test" name="subit_in_code" time="0.141"/>
  <testcase classname="test_suite.User_Credentials_Test" name="org_details" time="1.049"/>
  <testcase classname="test_suite.User_Credentials_Test" name="per_pan_validation" time="2.586"/>
  <testcase classname="test_suite.User_Credentials_Test" name="mobile_verfy" time="3.871"/>
  <testcase classname="test_suite.User_Credentials_Test" name="email_vrf" time="6.431"/>
  <testcase classname="test_suite.User_Credentials_Test" name="seller_cred" time="6.455"/>
  <testcase classname="test_suite.Data_driven_login_Test" name="login_screen" time="3.264"/>
  <testcase classname="test_suite.Data_driven_login_Test" name="login_screen" time="3.474"/>
  <testcase classname="test_suite.Data_driven_login_Test" name="login_screen" time="3.426"/>
  <testcase classname="test_suite.Data_driven_login_Test" name="login_screen" time="3.601"/>
  <testcase classname="test_suite.Business_Pan_Test" name="log_in_seller" time="3.219"/>
  <testcase classname="test_suite.Business_Pan_Test" name="bus_pan_validation" time="4.845"/>
  <testcase classname="test_suite.Cin_Validate_Test" name="log_in_seller" time="3.437"/>
  <testcase classname="test_suite.Cin_Validate_Test" name="Cin_no_valid" time="6.414"/>
  <testcase classname="test_suite.Company_Details_Test" name="log_in_seller" time="3.112"/>
  <testcase classname="test_suite.Company_Details_Test" name="company_details_validation" time="4.629"/>
  <testcase classname="test_suite.Office_Location_Test" name="log_in_seller" time="3.159"/>
  <testcase classname="test_suite.Office_Location_Test" name="Office_location_validation" time="15.582"/>
  <testcase classname="test_suite.Bank_Account_Test" name="log_in_seller" time="3.181"/>
  <testcase classname="test_suite.Bank_Account_Test" name="bank_act_validation" time="24.183">
    <failure type="org.openqa.selenium.NoSuchElementException" message="no such element: Unable to locate element: {&amp;quot;method&amp;quot;:&amp;quot;xpath&amp;quot;,&amp;quot;selector&amp;quot;:&amp;quot;//span[@class=&amp;apos;mismatch ng-scope&amp;apos;]&amp;quot;}
  (Session info: chrome=98.0.4758.80)
For documentation on this error, please visit: https://www.seleniumhq.org/exceptions/no_such_element.html
Build info: version: &amp;apos;3.141.59&amp;apos;, revision: &amp;apos;e82be7d358&amp;apos;, time: &amp;apos;2018-11-14T08:17:03&amp;apos;
System info: host: &amp;apos;pruthviraj&amp;apos;, ip: &amp;apos;10.20.10.145&amp;apos;, os.name: &amp;apos;Linux&amp;apos;, os.arch: &amp;apos;amd64&amp;apos;, os.version: &amp;apos;5.14.0-1031-oem&amp;apos;, java.version: &amp;apos;15.0.2&amp;apos;
Driver info: org.openqa.selenium.chrome.ChromeDriver
Capabilities {acceptInsecureCerts: false, browserName: chrome, browserVersion: 98.0.4758.80, chrome: {chromedriverVersion: 98.0.4758.80 (7f0488e8ba0d8..., userDataDir: /tmp/.com.google.Chrome.9da8xk}, goog:chromeOptions: {debuggerAddress: localhost:36645}, javascriptEnabled: true, networkConnectionEnabled: false, pageLoadStrategy: normal, platform: LINUX, platformName: LINUX, proxy: Proxy(), setWindowRect: true, strictFileInteractability: false, timeouts: {implicit: 0, pageLoad: 300000, script: 30000}, unhandledPromptBehavior: dismiss and notify, webauthn:extension:credBlob: true, webauthn:extension:largeBlob: true, webauthn:virtualAuthenticators: true}
Session ID: a4647212d0ab979f661d0c8c6beaae30
*** Element info: {Using=xpath, value=//span[@class=&amp;apos;mismatch ng-scope&amp;apos;]}">
      <![CDATA[org.openqa.selenium.NoSuchElementException: no such element: Unable to locate element: {"method":"xpath","selector":"//span[@class='mismatch ng-scope']"}
  (Session info: chrome=98.0.4758.80)
For documentation on this error, please visit: https://www.seleniumhq.org/exceptions/no_such_element.html
Build info: version: '3.141.59', revision: 'e82be7d358', time: '2018-11-14T08:17:03'
System info: host: 'pruthviraj', ip: '10.20.10.145', os.name: 'Linux', os.arch: 'amd64', os.version: '5.14.0-1031-oem', java.version: '15.0.2'
Driver info: org.openqa.selenium.chrome.ChromeDriver
Capabilities {acceptInsecureCerts: false, browserName: chrome, browserVersion: 98.0.4758.80, chrome: {chromedriverVersion: 98.0.4758.80 (7f0488e8ba0d8..., userDataDir: /tmp/.com.google.Chrome.9da8xk}, goog:chromeOptions: {debuggerAddress: localhost:36645}, javascriptEnabled: true, networkConnectionEnabled: false, pageLoadStrategy: normal, platform: LINUX, platformName: LINUX, proxy: Proxy(), setWindowRect: true, strictFileInteractability: false, timeouts: {implicit: 0, pageLoad: 300000, script: 30000}, unhandledPromptBehavior: dismiss and notify, webauthn:extension:credBlob: true, webauthn:extension:largeBlob: true, webauthn:virtualAuthenticators: true}
Session ID: a4647212d0ab979f661d0c8c6beaae30
*** Element info: {Using=xpath, value=//span[@class='mismatch ng-scope']}
at org.openqa.selenium.remote.http.W3CHttpResponseCodec.createException(W3CHttpResponseCodec.java:187)
at org.openqa.selenium.remote.http.W3CHttpResponseCodec.decode(W3CHttpResponseCodec.java:122)
at org.openqa.selenium.remote.http.W3CHttpResponseCodec.decode(W3CHttpResponseCodec.java:49)
at org.openqa.selenium.remote.HttpCommandExecutor.execute(HttpCommandExecutor.java:158)
at org.openqa.selenium.remote.service.DriverCommandExecutor.execute(DriverCommandExecutor.java:83)
at org.openqa.selenium.remote.RemoteWebDriver.execute(RemoteWebDriver.java:552)
at org.openqa.selenium.remote.RemoteWebDriver.findElement(RemoteWebDriver.java:323)
at org.openqa.selenium.remote.RemoteWebDriver.findElementByXPath(RemoteWebDriver.java:428)
at org.openqa.selenium.By$ByXPath.findElement(By.java:353)
at org.openqa.selenium.remote.RemoteWebDriver.findElement(RemoteWebDriver.java:315)
at page_objects.Bank_acc_page.get_validation_error_symbol(Bank_acc_page.java:79)
at testcase_methods.Bank_account_.bank_acc_validation(Bank_account_.java:103)
at test_suite.Bank_Account_Test.bank_act_validation(Bank_Account_Test.java:22)
at java.base/java.util.ArrayList.forEach(ArrayList.java:1511)
... Removed 32 stack frames]]>
    </failure>
  </testcase> <!-- bank_act_validation -->
  <testcase classname="test_suite.My_Catagories_Test" name="log_in_seller" time="3.17"/>
  <testcase classname="test_suite.My_Catagories_Test" name="my_catagory_validation" time="6.155"/>
  <testcase classname="test_suite.Bill_Plan_Test" name="log_in_seller" time="3.452"/>
  <testcase classname="test_suite.Bill_Plan_Test" name="bill_plan_validation" time="5.844"/>
  <testcase classname="test_suite.Documents_Test" name="log_in_seller" time="3.526"/>
  <testcase classname="test_suite.Documents_Test" name="doc_validate1" time="80.945"/>
  <testcase classname="test_suite.Admin_Login_Test" name="log_in_admin" time="4.417"/>
  <testcase classname="test_suite.Seller_Approval_Test" name="log_in_admin" time="4.987"/>
  <testcase classname="test_suite.Seller_Approval_Test" name="seller_approval" time="22.234">
    <failure type="org.openqa.selenium.NoSuchElementException" message="no such element: Unable to locate element: {&amp;quot;method&amp;quot;:&amp;quot;xpath&amp;quot;,&amp;quot;selector&amp;quot;:&amp;quot;//addresses[@addresses=&amp;apos;seller.addresses&amp;apos;]/div/div[2]/table/tbody/tr/td[9]/span/button[1]&amp;quot;}
  (Session info: chrome=98.0.4758.80)
For documentation on this error, please visit: https://www.seleniumhq.org/exceptions/no_such_element.html
Build info: version: &amp;apos;3.141.59&amp;apos;, revision: &amp;apos;e82be7d358&amp;apos;, time: &amp;apos;2018-11-14T08:17:03&amp;apos;
System info: host: &amp;apos;pruthviraj&amp;apos;, ip: &amp;apos;10.20.10.145&amp;apos;, os.name: &amp;apos;Linux&amp;apos;, os.arch: &amp;apos;amd64&amp;apos;, os.version: &amp;apos;5.14.0-1031-oem&amp;apos;, java.version: &amp;apos;15.0.2&amp;apos;
Driver info: org.openqa.selenium.chrome.ChromeDriver
Capabilities {acceptInsecureCerts: false, browserName: chrome, browserVersion: 98.0.4758.80, chrome: {chromedriverVersion: 98.0.4758.80 (7f0488e8ba0d8..., userDataDir: /tmp/.com.google.Chrome.exQwt1}, goog:chromeOptions: {debuggerAddress: localhost:43433}, javascriptEnabled: true, networkConnectionEnabled: false, pageLoadStrategy: normal, platform: LINUX, platformName: LINUX, proxy: Proxy(), setWindowRect: true, strictFileInteractability: false, timeouts: {implicit: 0, pageLoad: 300000, script: 30000}, unhandledPromptBehavior: dismiss and notify, webauthn:extension:credBlob: true, webauthn:extension:largeBlob: true, webauthn:virtualAuthenticators: true}
Session ID: 906893433db4cf41c42500f39a1bd12f
*** Element info: {Using=xpath, value=//addresses[@addresses=&amp;apos;seller.addresses&amp;apos;]/div/div[2]/table/tbody/tr/td[9]/span/button[1]}">
      <![CDATA[org.openqa.selenium.NoSuchElementException: no such element: Unable to locate element: {"method":"xpath","selector":"//addresses[@addresses='seller.addresses']/div/div[2]/table/tbody/tr/td[9]/span/button[1]"}
  (Session info: chrome=98.0.4758.80)
For documentation on this error, please visit: https://www.seleniumhq.org/exceptions/no_such_element.html
Build info: version: '3.141.59', revision: 'e82be7d358', time: '2018-11-14T08:17:03'
System info: host: 'pruthviraj', ip: '10.20.10.145', os.name: 'Linux', os.arch: 'amd64', os.version: '5.14.0-1031-oem', java.version: '15.0.2'
Driver info: org.openqa.selenium.chrome.ChromeDriver
Capabilities {acceptInsecureCerts: false, browserName: chrome, browserVersion: 98.0.4758.80, chrome: {chromedriverVersion: 98.0.4758.80 (7f0488e8ba0d8..., userDataDir: /tmp/.com.google.Chrome.exQwt1}, goog:chromeOptions: {debuggerAddress: localhost:43433}, javascriptEnabled: true, networkConnectionEnabled: false, pageLoadStrategy: normal, platform: LINUX, platformName: LINUX, proxy: Proxy(), setWindowRect: true, strictFileInteractability: false, timeouts: {implicit: 0, pageLoad: 300000, script: 30000}, unhandledPromptBehavior: dismiss and notify, webauthn:extension:credBlob: true, webauthn:extension:largeBlob: true, webauthn:virtualAuthenticators: true}
Session ID: 906893433db4cf41c42500f39a1bd12f
*** Element info: {Using=xpath, value=//addresses[@addresses='seller.addresses']/div/div[2]/table/tbody/tr/td[9]/span/button[1]}
at org.openqa.selenium.remote.http.W3CHttpResponseCodec.createException(W3CHttpResponseCodec.java:187)
at org.openqa.selenium.remote.http.W3CHttpResponseCodec.decode(W3CHttpResponseCodec.java:122)
at org.openqa.selenium.remote.http.W3CHttpResponseCodec.decode(W3CHttpResponseCodec.java:49)
at org.openqa.selenium.remote.HttpCommandExecutor.execute(HttpCommandExecutor.java:158)
at org.openqa.selenium.remote.service.DriverCommandExecutor.execute(DriverCommandExecutor.java:83)
at org.openqa.selenium.remote.RemoteWebDriver.execute(RemoteWebDriver.java:552)
at org.openqa.selenium.remote.RemoteWebDriver.findElement(RemoteWebDriver.java:323)
at org.openqa.selenium.remote.RemoteWebDriver.findElementByXPath(RemoteWebDriver.java:428)
at org.openqa.selenium.By$ByXPath.findElement(By.java:353)
at org.openqa.selenium.remote.RemoteWebDriver.findElement(RemoteWebDriver.java:315)
at page_objects.Seller_approval_page.get_approve_fssai_doc(Seller_approval_page.java:67)
at testcase_methods.Seller_approval_.seller_approval(Seller_approval_.java:23)
at test_suite.Seller_Approval_Test.seller_approval(Seller_Approval_Test.java:20)
at java.base/java.util.ArrayList.forEach(ArrayList.java:1511)
... Removed 32 stack frames]]>
    </failure>
  </testcase> <!-- seller_approval -->
</testsuite> <!-- Test -->
